14317
13354
13585
13552
14142
13965
14953
13595
14550
14181
14957
14176
13859
13708
14379
12878
13947
14694
14990
14630
12836
13887
11698
12814
13878
14954
14817
14367
14810
13650
14542
15500
14851
14924
14097
11802
15250
14492
13945
13430
14865
14765
14531
15343
14267
14166
13996
12350
14772
14088
15080
14352
14699
14374
14527
14362
13805
15133
13994
13594
14216
14688
13813
12713
14460
11928
14579
13174
13491
14792
14323
15068
14229
13484
14531
14675
13348
12813
14559
14805
14071
13066
13558
14426
14776
12938
14545
14429
15426
14671
14100
12094
13216
13559
14071
14040
14982
12475
14373
14701
14095
15222
14434
12728
14729
14098
14338
15273
13871
15031
14178
14698
13905
13725
15382
14889
13780
12828
13958
14382
12415
14704
14851
13340
13273
13809
15051
14182
13486
14017
15048
14353
13725
14755
14898
14566
13888
14165
14277
14989
14984
14035
14428
13304
14493
15024
12403
14654
13783
13315
13161
14111
13304
14423
13861
14724
14596
13066
14032
14952
14904
11611
13837
14687
14875
12129
15802
14967
14723
13888
14571
13871
14203
14445
14424
13699
14654
14664
14421
14270
14081
14654
13693
11060
12116
12662
13894
13792
14458
13998
12750
13936
14410
13949
15490
15080
14158
14533
12575
14702
15218
13912
15284
14748
15080
12185
12930
13757
14280
12695
15037
14390
13804
14214
15329
14510
14415
13445
15169
14583
14124
13946
14102
14343
15103
14219
13562
13354
14579
13859
14068
13765
14697
14603
14609
14326
14678
14845
13918
12280
14516
14683
14587
14582
12621
13931
14689
14340
14488
14611
13755
14397
14362
13305
14164
13078
14377
15326
14976
13348
13245
13882
13643
13758
14383
14342
14981
14593
14987
15002
13207
11648
15303
13791
13556
15748
15327
14477
14011
14730
14817
15101
14510
11785
15266
13396
14602
14214
14406
14742
13719
14854
14458
14966
14842
14693
13803
14383
13451
14890
14741
12931
13924
14815
13014
14717
12599
12887
15740
13719
15175
14273
14366
12492
14057
12637
14569
13957
14248
12074
14621
14530
15349
15363
14378
13210
14440
14104
15157
14445
14153
13957
14378
14452
15144
14094
14326
14733
14695
13934
10341
13430
14597
14103
14206
14910
12339
14849
13983
13238
14312
14655
14466
14539
13946
14888
15539
14332
14984
15109
15153
14866
14173
12751
13441
14634
14247
14645
15371
14757
12216
15011
14374
15273
12606
15406
14240
15330
14371
14079
14041
13073
14654
14440
12454
13798
13874
14579
14001
14042
14827
14575
14687
15797
14347
15049
14878
14352
13625
13901
14618
14404
14262
13953
13288
13116
13026
13614
12706
14165
14340
14101
13835
12514
14029
14008
14654
14006
13098
14512
14340
14596
13847
15084
13537
15663
13675
15277
15171
14127
13595
15194
10489
13737
14178
14138
12180
14637
13441
14275
13421
14049
14766
14068
12925
14376
14740
13353
15186
15028
14211
13772
13927
14986
14317
13948
12013
14602
13870
14711
13185
14503
15034
14170
14650
13406
14325
14149
13860
14539
13121
13584
13157
14322
14522
15035
14083
13964
13610
13937
12811
13667
14031
14502
15450
13738
13949
13919
14525
14393
14850
14435
14976
12582
14698
15058
14266
14183
14382
15180
14635
14844
13628
14963
12101
14092
14890
15701
14262
14194
14513
13469
11905
13526
13480
14440
14533
14844
