16556
16887
15419
12999
16181
17497
17277
13711
15159
13200
17547
16476
17036
17426
17525
15632
17183
16625
17663
16222
16047
15727
15975
15485
17021
17198
16732
15602
16083
18339
16829
17249
17672
17122
16257
17547
16363
17189
16764
16691
17048
16514
16267
16364
16158
15707
14670
17031
17394
17481
16951
16697
15508
16233
17107
16242
14811
16815
16466
16781
18031
16524
16316
16374
16735
17152
16975
15670
16976
16849
17179
15918
17722
16570
16176
17508
16366
16328
16879
17397
17185
16814
15492
17554
15408
16747
16199
16485
14317
16640
17195
16508
15360
16276
15378
15241
16527
16944
16819
17187
16925
17263
16047
16394
16679
16201
16588
16102
16719
16648
16078
16737
17667
17266
15858
17721
15486
16223
16356
16810
16015
16210
16534
17211
16473
12867
17582
16176
13645
16240
16880
17538
17327
15082
16837
16524
16548
17299
16691
17404
17190
17024
16769
16636
16636
17521
15822
16279
16669
17450
17708
17441
16843
15998
17634
18201
15135
16697
16098
15732
17839
15636
16242
17252
15491
16979
15499
17560
15473
11686
16171
16562
16890
16348
15982
17230
16561
16633
17329
17066
15698
17789
15658
15963
16976
14653
17042
15663
17403
15890
17643
15418
14399
17228
16939
17194
15230
17265
16207
16642
17228
14489
16965
16238
17992
15929
17406
16144
15209
16569
16639
14525
15051
17279
16355
17029
17068
16127
17966
16661
17009
16998
17184
16616
17430
17267
17670
16475
15942
15713
16555
17085
16818
17148
17372
16486
16911
16068
16599
15894
17311
16729
16350
15328
16614
14936
14911
16095
16605
16720
15949
13226
16235
17071
17228
17205
16379
16316
15860
15426
17301
15867
17097
16174
15074
16995
15249
16018
16492
14884
17363
14535
17684
16979
17531
14261
17011
17976
16576
17543
16746
16959
15252
16220
16212
15917
12927
16744
17575
15762
18052
16202
17508
16056
17268
17696
17207
16212
17398
15933
17213
16199
16969
16298
16323
17283
16083
18143
17697
16239
17229
15674
15932
14190
17504
15793
15577
14494
16855
17588
15307
17258
14888
17683
15147
15666
17047
17260
16999
16204
16940
17760
15886
15602
14998
16662
17620
14779
17370
16386
16707
16253
16598
17672
15279
17070
16175
14944
17610
16889
16528
17021
16256
17904
17024
16776
15645
16344
16466
16270
15477
17700
15484
15358
17351
15984
16933
16306
18118
16085
16415
17820
17811
16672
16381
15385
16441
14740
15834
16445
18006
16193
16172
16392
16727
17445
15326
17482
14860
14801
16726
16440
17312
14682
15639
16629
16074
17222
17339
14840
16874
17250
17256
16461
16217
15342
17039
17754
17299
15822
16601
15874
16868
16572
17392
16937
16701
16579
15599
17182
17953
16887
17027
16410
16903
14754
16056
16202
15959
17267
16618
16744
16703
15937
15210
17518
16261
17422
15264
16249
17029
15456
16399
15345
16846
16747
17586
17313
16403
16376
16960
16265
17306
14160
17655
15730
17730
15792
16780
16874
16323
17185
15257
16780
16620
15203
17288
15686
17759
15055
16902
16167
14913
16767
16265
16155
17383
14499
18037
17470
15002
17637
16886
