18289
18641
16939
17461
17114
18715
17944
17575
18909
17702
18319
17536
17899
18621
18737
16400
18010
19387
19037
17491
17914
17475
18770
18218
19103
17673
18215
19008
16286
18173
18464
17998
16448
17472
17977
18284
18440
16208
18939
18953
16689
17741
17424
17329
17902
17926
16655
17499
18162
18649
15338
18234
19092
17119
17350
17446
17558
18497
18297
18586
17139
17962
18275
16223
17618
18995
17942
18567
17621
16211
17928
18364
18414
18542
17126
17823
17777
16406
16805
15603
17771
17516
18508
16635
18168
16723
18841
17628
15543
17505
18084
16656
18866
18680
16665
18828
18910
17653
17121
18518
17465
17477
18718
17010
18059
17920
16370
18109
18323
16946
17177
17700
18156
16961
18174
19527
18815
18278
17198
18570
19230
17341
18452
15965
16210
17346
18634
18456
18664
17903
17629
18480
18269
18108
17445
18967
17905
18667
15972
18968
16630
17060
17555
18165
18150
18935
18358
17485
18392
17935
18008
17451
17456
18625
17769
17254
17698
17415
17180
18124
18714
17538
16258
18997
17585
18024
18715
16686
16889
18757
16123
18283
16387
18098
17932
18215
18006
17680
18331
17980
18786
16435
17889
18729
18869
17952
17091
16054
18331
18144
16488
18081
18577
16559
16657
18072
17142
16597
16877
18402
18037
16281
17647
17677
17467
17857
18626
17623
18362
18778
16873
16919
14600
17801
17778
17878
16926
17020
17508
18609
18422
18070
18329
18767
18140
15156
18326
16820
17539
17838
16417
18539
17642
18167
17267
17377
18427
18422
19074
16855
16007
16795
18513
18744
18223
18284
17091
18627
18052
18170
18667
18798
18897
18230
17906
17216
16205
17547
18197
17139
18300
18262
17565
18526
16241
13383
17267
18831
16503
13494
17616
16992
18122
17724
16951
17017
16952
18359
17996
18332
15701
18102
18566
18512
18478
17379
17188
17190
17445
18520
17821
17878
16322
18723
16136
17909
17531
18454
14414
17807
18488
18156
18052
17722
17140
18325
17987
18551
16374
16823
18829
18424
18678
18758
18475
16728
17949
17406
16417
17441
18107
17609
18150
17993
18550
17436
18336
14012
18472
17917
18006
18182
18614
19194
17360
18792
18560
14856
17701
17422
17655
18033
18100
17550
17978
18054
18090
18472
18483
17739
19123
15964
17472
17136
17826
17138
17781
18047
19065
17466
16311
18380
17737
18268
16605
18155
17833
17417
15748
18235
18430
18075
17148
18241
17935
17002
17666
17152
17848
16241
17379
17397
17281
17979
17992
17576
18520
19232
17913
18258
16465
18490
18542
17954
17761
14889
18772
19374
18425
16303
18343
18381
17569
18378
17158
19268
17794
17799
19217
18379
18790
15179
18051
17640
16713
18057
18226
17725
17383
17698
14248
18025
18165
16986
16438
17832
18526
18733
16156
18674
18885
17806
17557
18147
16817
18460
19454
18013
17034
16737
18731
16344
18977
17325
18728
19461
18757
18001
17096
17238
17076
17902
17921
17509
18625
18364
17142
17991
17557
18743
18221
16378
18494
18162
16406
17012
