11438
15202
15444
14948
13913
14570
14731
15326
14167
14578
15509
14494
15154
15054
12342
15083
15599
14817
14447
14987
14112
14833
13815
14557
16098
14766
14968
15621
15070
14816
14508
14864
14606
14221
14885
15146
14029
15211
14126
14109
14974
15592
14044
14658
14413
15438
15962
15315
14486
14384
13084
14614
15688
14008
14767
15226
15408
14385
14818
14956
15052
14318
15302
14568
15750
13838
14560
14443
15064
14379
14700
14368
14257
15723
15693
14655
15185
15064
14246
14306
14535
14363
13750
14457
15255
14747
13733
15150
16103
15214
15397
15489
14021
14544
14950
13666
15555
15506
14225
15412
14520
12439
14346
14823
14918
14847
15636
14722
11465
13985
14658
15352
15216
14563
15337
12536
15592
14562
15340
14955
14594
14483
12515
13089
13514
15533
15326
14811
14272
15061
15023
15074
14399
15064
14402
15329
14852
15856
15682
14222
14879
15337
14653
15871
15271
14287
14694
14874
15354
14056
14879
13998
15187
16186
14686
14752
14052
14916
14743
12672
15121
13745
15277
12495
15052
14595
13493
14364
14973
14780
14165
15075
13160
14561
14537
15221
12778
14623
14811
14385
15217
15546
14236
12290
14567
14121
14835
14581
15344
13508
15056
14941
15161
14532
11623
15308
14539
15019
14613
13400
14542
14470
14762
14812
14788
14779
15519
14764
14372
14204
15432
14638
14371
13951
15004
14697
13547
14058
14144
13635
14352
15049
12601
14682
15429
15554
14945
14178
14473
15554
14932
13474
15395
14344
14705
14963
15157
14429
12430
14760
13391
15144
14859
12662
15298
15009
14583
14317
14271
13908
14620
14706
14827
14890
15158
15291
14836
14627
14525
14749
14302
14013
16098
15588
15592
14123
15808
14649
13875
14654
14930
14232
15165
12851
13861
14063
14672
14287
14003
13678
14702
14969
14416
14545
14849
13661
15803
15526
14637
10350
15983
13452
15222
14726
15195
15094
15276
14076
14895
15254
15312
12506
15190
15028
13618
15378
14713
15190
15478
16231
14095
14128
15019
14690
15497
14886
11026
14784
14461
13443
15056
15223
14390
15106
14741
14598
14253
14383
14123
15439
14254
14615
14443
14517
15199
13629
15346
14815
15403
13983
14027
14830
15215
14340
14734
15778
14957
12932
16092
15554
13475
15873
14394
14184
14545
15811
14535
13087
15345
15441
14676
14464
14796
14660
15317
15168
9789
15387
15993
15451
15628
15457
14339
15171
14959
12033
15123
14170
14875
15288
15652
14308
14992
14487
15160
12790
13983
14266
15638
15047
14801
14780
14977
14980
13286
14779
14829
15889
14944
15020
14693
13831
14653
12575
15286
14253
15156
14316
14952
10478
13727
15110
14890
15035
14378
14708
14627
15497
12985
14488
13874
13995
15145
14545
14576
16136
14937
15403
15141
14865
14032
14469
12947
15122
15269
14041
11913
14576
14557
14993
15231
12735
13644
14688
15049
14281
15546
14581
15410
14953
14186
16029
15010
14736
14664
15154
14766
15581
14218
15730
14421
15413
14887
14974
14723
14752
15394
14359
14777
14300
15364
13072
14191
15267
13924
14876
14756
14651
14108
13314
12781
14163
15550
14672
15008
15755
14538
13978
13243
16266
14584
13945
15240
14205
15467
12098
15325
14423
14542
15282
14441
14978
15411
12553
14290
13753
15471
15023
