12859
13562
13287
13416
13739
13004
13333
14104
13138
11801
12850
12391
13870
14056
13200
12306
12954
13168
13767
13509
12659
12404
14056
14157
12497
12003
12877
14150
13491
12727
13204
13647
12835
13092
12580
13384
11251
13613
13970
13532
13048
12637
14017
13060
14210
13571
13867
14031
13726
13378
12712
14178
10559
13285
13252
14163
13645
13041
13301
13468
13152
14248
13541
13435
13489
13313
13563
13668
12185
12864
13538
12597
12245
14046
13227
12731
14158
12363
12766
14212
12702
11733
14120
13445
12021
13176
13891
12550
12375
13047
11839
13173
12435
12282
13400
14035
13027
13363
10884
12782
13859
12120
11224
12935
12872
13664
13011
11693
13288
14057
13440
14085
13391
13429
13531
13433
13689
12875
13601
14339
13941
14289
13538
11896
12621
13632
13501
13199
12902
12195
13599
12812
12104
13701
13434
13619
12895
12302
13546
12600
14348
12080
13068
12443
13142
12935
12768
12634
12003
14118
12616
10934
12577
9060
12025
14045
13189
12197
13269
12712
11202
13154
12747
13746
13812
12305
12918
13907
13884
12924
14626
13746
12483
13064
12398
14582
12076
13609
13358
8527
8161
12745
12517
12565
12668
11255
12482
13196
14173
14279
12695
13421
13105
12430
12616
13197
12862
12889
13978
12742
11172
14146
13493
12791
12225
12894
12989
13493
14132
13615
14072
12913
10835
11639
14227
11569
13424
12195
12693
12370
11681
11964
13956
13084
12774
14152
12007
13800
12568
13576
12530
12203
13413
12121
13330
13905
14516
13021
13078
13851
13706
14057
12989
13159
11196
12649
12856
12298
13640
13308
13203
11488
13651
13498
12593
12720
12861
12003
13228
12849
13777
13167
12582
12170
13420
11660
12057
12170
13148
12717
13363
12207
12406
13172
13078
11911
13545
13704
11693
14324
13114
13260
12189
13264
12969
13449
12606
13046
11787
13183
13258
14184
12064
13455
7786
12693
13439
14064
11475
12632
13340
13686
13441
13393
13245
12378
13787
14097
12203
11469
13111
12642
12313
13305
13394
14258
14460
12255
13854
13079
14055
10471
13685
13854
11257
12951
13372
13739
10092
13417
14378
13338
13671
12890
14478
13675
14045
13877
13509
13171
13709
14195
13741
14664
11612
14555
13232
11115
12139
13316
12256
14201
13694
13427
13621
13071
13494
11999
14206
13140
12437
13241
13630
12482
12276
12666
14097
13692
13081
13169
12532
14130
13802
13577
13576
11037
13022
12027
13588
12597
13242
12117
13764
13000
13966
12949
12865
13694
13415
11543
11014
13634
13620
13390
13694
12988
13664
13816
13719
14263
13059
12383
12585
14316
12376
14247
13373
11490
13518
13155
13278
13045
13566
13977
12925
13242
13394
13278
13713
13181
14323
12550
13532
13562
13439
12968
13578
13468
13559
13396
12131
13348
13564
12925
13288
13039
14260
14349
14640
12575
13388
12047
12143
12551
11146
13298
12490
13964
12405
13991
12758
13071
12394
13158
11838
13420
12320
13833
12536
14236
13294
12196
12933
13009
13480
12732
14058
12668
13506
13224
13445
12014
12755
13685
12378
13848
13882
13425
11964
12910
9804
11036
12471
14061
13859
13659
12958
13032
13250
14147
13333
14104
12234
11691
13750
13088
13196
12351
13738
14363
13650
14199
14014
13696
12974
13916
11487
14186
12048
13344
11914
13820
12442
13445
14045
11585
14068
13238
12908
13111
11835
11975
13573
13547
13620
12929
13039
12928
13221
14196
12737
14069
14286
9039
