15508
16359
16062
14488
13842
15237
15917
14537
16283
14636
15847
16304
15532
16784
16945
15233
15766
16374
16457
16620
15851
17012
16969
15816
15509
16573
16501
15637
16275
16364
17309
15377
14348
16714
16423
14076
15725
16289
14496
15793
11665
17012
15458
16953
14669
15562
16305
17147
16135
13090
16774
15107
14723
15975
15779
16139
17087
15802
16793
16747
17235
15288
16877
15726
16485
15112
16373
15516
16894
16752
16370
14921
16510
15174
16450
16358
16525
16255
15895
15556
14967
17497
16328
17166
15831
15471
15119
15385
15499
17393
14713
14852
16877
13814
14966
15262
15329
15592
15735
16542
16790
14277
16191
14647
16186
15235
15727
16097
17210
16378
15833
16233
15871
16040
15801
13279
14867
16752
15191
15413
15988
16647
15824
15096
16641
16243
16885
16524
16452
17777
15233
15784
16518
15271
16693
14645
15908
15739
16014
16076
16353
16661
17232
16218
16532
14871
14566
16453
15553
16416
16111
14857
15915
11916
16594
14966
15351
15399
16125
15594
13868
16728
15776
15772
15212
16291
15196
12462
16233
16281
14595
16212
17094
14644
16975
15180
16197
16188
16601
16162
14973
16379
14633
17174
16726
15995
15035
16507
15183
16909
15390
16215
15804
16784
16267
15907
16445
16864
14152
14800
14312
15230
15852
16467
14767
16430
15874
16046
15143
15530
15243
16277
14659
16608
15634
16188
15864
15991
16534
15636
15311
16667
16078
16607
15747
15676
15122
16173
16432
15432
17116
16224
16884
16952
16982
16889
16159
16489
15488
14763
15888
16650
16533
16367
17248
16850
16314
13870
16221
13838
16504
15563
16186
14744
17206
17413
15207
15654
16123
16401
15976
16820
16625
16088
17019
15399
16541
15700
16623
15605
15285
17064
15225
15883
16364
16741
15571
16343
15816
16133
15812
16463
12792
15796
15786
16763
16095
13903
16004
14713
15925
16542
16223
15560
17184
15277
14896
16585
15043
15425
16387
16081
16032
16155
15631
15261
15656
16883
16480
15474
14458
15230
15747
16113
16448
16626
16525
17128
15264
16428
15858
16211
14135
15990
15851
16887
14776
15755
14865
16186
16443
15693
16229
16052
17281
16963
15614
13781
16012
16652
16439
15285
14767
17201
15497
16349
16247
17151
14700
14773
15350
16902
16268
16673
16024
16544
15470
15926
17057
15058
15944
16184
16264
16272
15260
16761
15568
16949
15743
16880
17517
16649
16309
16442
15755
16790
16760
16766
16319
16834
16316
16899
16576
17022
15353
16877
16651
16716
16116
15486
15970
13607
16059
16338
16597
14905
13224
15722
15287
15721
14997
15974
16132
15787
15790
13782
16483
15876
16120
15148
15505
15909
16309
14788
16234
14942
16792
15806
15712
16056
12034
16201
16411
16010
16130
14801
16079
16863
16247
16625
16880
16887
15497
15742
14884
17195
16339
16464
15822
15778
15819
15624
16086
16366
15139
16079
16616
15853
15848
15861
15499
16740
15222
14989
16008
15621
14948
17419
16268
16239
15829
16433
16307
14770
15992
16609
15383
16917
16257
15978
15908
13573
16426
15539
15498
16724
17257
16040
15162
15994
14238
16736
16999
13781
16861
17127
15026
15562
