15884
18908
17505
17232
17036
17635
17772
17504
18582
17241
18056
16824
18109
17975
18762
18743
17853
18108
18965
17824
18898
19110
18172
17582
16955
18666
17453
18417
18648
17172
18887
18027
18963
17769
16804
17919
18735
17381
16977
17975
18619
19016
18786
17725
18687
17793
16413
19451
18811
19144
18123
19234
18979
14181
18307
16775
18166
18746
18970
17987
18449
18131
19136
18719
17373
18227
17813
17935
17577
17172
16552
17161
17406
17534
18040
18290
18352
18920
18083
17698
18041
17073
18963
18705
16573
18706
17710
18472
16299
17891
18853
17740
18154
17646
17460
16307
18356
17374
17110
18086
17851
18019
18374
17966
18149
18266
19416
17706
17246
18985
17354
18144
14546
17906
17194
18913
18578
16413
17812
17802
15292
18401
17970
17881
18491
17097
18866
17658
18511
19157
18023
18798
18625
16861
19073
16052
17460
18476
18597
17035
17657
18131
16454
17058
18611
18090
16765
18789
18231
15684
18291
18515
18382
19736
19705
17990
18915
19121
17444
18272
18197
18149
18415
18356
18052
18064
18489
17686
18355
18394
18079
18546
17110
18914
17659
18583
17404
18913
18768
18236
18450
17081
17492
18058
17304
18476
18120
17744
18482
17990
18793
17185
18825
17715
18056
17542
18102
17348
17286
18045
16923
17571
17990
17662
17072
17707
14957
17767
17025
18857
18103
19246
18244
16071
18091
17876
18533
18219
18419
18581
18411
18966
16565
17486
18431
16998
18164
19081
18800
17728
17451
18035
17600
17803
17780
18866
17108
17912
17513
18383
17401
17599
18424
16684
17274
18207
17600
17857
19293
18403
19418
18959
18157
18757
18062
18758
17958
17909
15388
18313
18403
18211
16127
19627
18944
18650
17434
17296
18097
17863
18647
16682
16815
18089
18761
18070
18123
18328
17726
19551
18247
17905
17057
18397
18504
19099
18396
16647
18607
18657
17921
18235
18012
16944
18030
19252
16539
18793
19079
18075
15826
18020
16805
18625
17631
18160
17550
17970
18359
18926
18945
18788
17370
18848
17504
18516
17628
17529
18077
18791
19385
17913
16488
18446
16628
17233
17413
18598
17593
18099
17500
18634
18156
17652
18461
18372
17498
18610
18856
18208
17113
15939
17950
17909
18433
17162
18663
18455
18624
16904
17608
18135
18368
18809
18516
15972
18276
18441
18222
19019
14733
19003
18134
17553
17240
18566
16441
18543
17576
18602
18817
18444
18826
16280
19182
18950
19195
17911
18160
18819
16843
16671
16807
17542
17936
19275
19618
19036
18120
17336
18977
17936
19338
17473
17818
18424
18492
18685
18008
17235
15696
18411
17770
17185
18425
18312
18362
19210
17488
16846
17960
18217
18255
17764
18861
16981
18774
18161
17659
17811
18563
19080
18142
17747
19437
17823
18805
17694
19042
18001
17129
17913
18302
14284
18132
17064
16972
17812
19290
18162
17981
16740
19224
19087
17865
18866
16852
16721
18513
18737
17625
18751
18311
18857
18884
16941
18289
17936
18388
18767
17776
19093
16905
17818
18147
