12309
13351
13510
12765
12841
11751
13386
12452
13211
13595
13225
12833
13529
12505
13001
12866
13777
11996
12274
11544
13958
12393
13239
11462
13861
13293
13830
14110
13700
13028
13913
12863
12600
11727
10036
13534
11390
12794
12660
13750
13930
13410
12385
11225
12960
12351
12730
13176
13612
13051
11283
10966
10092
13199
12110
11746
13424
12669
12661
9615
13784
12672
13422
11327
13843
12116
10232
11922
13690
13588
13240
11065
11286
12415
12563
13128
12722
11646
13062
13469
13617
12881
12643
13376
11749
13168
13619
12021
12656
13041
13616
12341
13506
12284
12403
12414
13639
12711
12712
14281
13213
13457
13264
12847
13960
11337
12415
13009
12951
12105
13107
12623
13451
11766
11555
12465
13114
13052
12093
12379
12845
12816
11204
13489
11766
13084
12275
12487
13280
13019
13480
11220
13379
11934
12036
11742
12693
12033
13300
12648
13874
11669
12305
11431
13025
12416
12663
12062
11476
12918
12853
13120
13249
12942
13723
12162
13918
12977
11800
13120
13150
8221
12176
11676
13393
13483
13295
13201
12232
12452
13276
13325
13002
13114
11405
11442
12497
12734
12606
13607
14031
13464
12131
13329
13680
13068
13397
12138
12669
13062
12252
13847
12849
11547
11971
13326
12684
13108
12254
12647
13737
12537
13522
13277
13043
12383
13736
13534
12697
12710
11856
13547
14062
14016
13513
12599
12807
13844
13092
13224
13108
12931
13178
13024
13351
7231
12889
12552
12961
12870
9539
12165
11706
13392
12079
13386
12692
13027
13078
13237
13728
12386
12553
14156
13437
13715
13313
13763
13427
12581
12424
12169
12345
13574
12023
12920
13649
12345
13328
13694
11701
13545
14072
13368
12675
13761
12917
12683
13099
12830
12776
14346
12537
12832
12981
13496
12028
12292
12846
11529
13065
13304
13145
12537
11506
12780
12173
12065
12589
13407
13259
11249
11842
10634
12034
13044
12960
11554
12991
11261
13495
13043
13451
14035
13443
12799
12624
12352
13032
12762
10872
9865
12259
12668
11619
12695
13407
12166
13765
9379
10584
12323
12725
11169
11587
13006
12731
12033
13044
12293
13924
12480
13465
12866
12661
12772
12284
13500
13033
12351
12762
12334
13526
12091
13140
13220
12586
13256
13595
9801
13090
12762
9179
10613
12300
11666
11720
13579
12815
12514
12706
13619
13597
11873
10854
13194
11510
13327
11640
13128
12925
13967
11118
13696
12716
10608
12385
12894
11706
13799
12052
12506
13643
10361
12693
11355
12679
12667
13101
12742
12989
12733
11822
11919
13980
11152
11888
12880
12562
13550
12901
12247
12290
12591
12304
13288
12984
12161
13892
12802
13206
13287
11473
12949
12328
13594
12886
13078
13522
12840
13191
11507
12111
12188
13262
12883
12651
13704
13007
12489
11926
11616
12791
12940
12606
12157
13044
10668
13227
12355
12784
12239
12919
13170
12424
13538
11918
11750
12238
12644
12728
12719
13775
13565
12770
12782
13028
13394
11935
12714
12014
12585
13136
12449
12684
12615
11965
13207
13104
11480
12768
13977
13586
13305
13134
13602
11725
11926
12233
13032
13240
14089
12006
12122
12857
12314
12459
13722
12923
12987
13697
10246
12931
13484
13018
13488
14237
11816
13744
13603
12665
12736
12252
11797
12286
12079
12653
13275
12760
12805
13763
13652
13062
12633
11900
12916
12757
12447
13155
12360
12567
13104
13565
12696
10430
12389
13162
13762
13253
13211
11068
12476
13858
12589
12696
13906
12947
12655
13309
12650
