18352
18113
18788
18059
18160
14695
19036
18350
18190
18843
18147
16319
18839
18463
13262
17584
20204
18399
18722
18521
19450
18755
18269
18499
18301
17933
18001
17776
19189
16761
18319
15518
17614
18484
17420
21002
18035
18495
18629
17426
18450
16518
16907
15015
15298
17087
18732
17149
18114
18329
18368
18564
19004
18684
18778
19456
18715
18025
17931
18409
18620
19081
16916
18557
18950
17035
18221
18636
18739
18675
13997
18634
16310
18288
19584
18460
17095
16360
17673
18822
17928
17891
20925
20303
18333
17210
18250
18358
18226
18137
18374
18128
18670
19316
19051
17911
18454
18784
18559
18369
17809
17912
18652
17260
18581
19122
18738
18987
18069
17985
18316
18326
19200
18445
19481
20315
19010
19211
17139
18146
16499
18542
16818
17525
18511
18434
18651
19032
18855
18606
18119
18002
18735
18178
18199
18402
18185
18755
17754
17852
16865
18512
18325
18842
18155
18305
17442
18961
20797
18517
19923
19281
18950
18726
18691
16639
19589
13278
18061
16852
18198
18712
17994
18816
18017
18024
18899
15411
19213
17542
18246
19011
18450
16592
18434
19014
17548
18614
17931
17614
16942
17221
17625
18261
21097
17649
20266
17464
17480
18858
18935
17583
19180
17386
19546
19329
18641
19492
18493
18260
20524
18906
18877
18320
18612
18403
17567
18674
18066
16746
17541
17069
18520
18188
18221
18356
17091
18245
17093
16925
16759
18587
15781
18256
17690
18773
16885
19184
17828
17882
18647
17140
16990
19290
18856
21312
18600
18761
19292
17513
18749
18540
19045
17140
18187
18223
17159
18356
18168
16114
18711
18319
18218
19355
18244
17273
21002
18078
18084
18374
18317
16677
17438
17772
17363
16771
18644
18211
18266
19039
18598
18201
18234
19060
16627
18170
18422
18505
17487
18997
17759
18353
18739
16991
15966
19738
18594
20463
16514
18757
19105
17695
17602
17996
15151
16737
19391
16448
18668
18554
18598
19309
17713
18726
19298
19344
17571
18380
18100
20445
17420
17059
21326
19354
17493
18649
10814
18192
17982
18523
18702
18266
18125
17963
18846
18709
18955
20773
18928
18738
19308
18603
17272
17866
18874
19194
18383
18888
18208
18461
18784
18994
18772
17620
18158
16977
17743
17977
18409
17806
20239
18277
18605
17962
18759
18296
19451
17619
19403
18476
18167
17934
18436
17705
18273
18866
18279
17275
18556
18210
18959
17488
18084
17478
17586
17771
18962
19013
18424
18776
17430
18369
17188
18600
16699
18695
18158
19404
16124
19413
16724
18075
17227
19144
18697
19011
17684
14529
18726
19028
18659
16453
17074
18243
17157
18003
18832
19040
17901
18379
17859
18464
18539
18460
18465
18652
19011
17934
19054
17704
18356
18982
19388
18334
17233
18830
20535
18050
18948
18119
18267
17875
20617
20380
17466
17085
18323
15194
18325
18522
18975
18771
17864
17294
18079
18470
20367
17790
19301
18127
18110
18721
17687
18654
18068
18592
18947
18691
15526
20780
16708
18268
15747
18552
17746
