17028
16018
16359
17940
17946
16933
18046
18219
17502
17241
17235
16846
17419
18179
16456
19334
17819
16241
17652
18155
16393
17059
16766
17693
17507
17527
17555
17496
17157
18189
18105
17519
16480
15787
19624
18276
14292
17503
16282
17167
16277
17007
17283
17459
16687
17048
18431
16818
17625
17004
17636
15708
17356
16774
17573
17985
17484
17152
17766
18297
16714
15424
17088
16451
17323
17599
16906
17593
17305
16850
17124
16133
17983
17785
17854
16664
16768
17953
17577
15774
16912
16009
17710
16613
18239
16727
14822
16802
17349
17306
15801
17915
16842
16265
17481
16227
18555
17834
18404
17938
16403
15912
16968
17767
17182
15811
16669
17999
18845
17677
16627
17397
17822
17957
17474
15342
17287
15192
17956
17387
17764
16831
15834
16329
17188
17814
19760
19804
18026
18593
17346
17968
17389
17407
18126
15629
17375
16026
16798
17590
17286
20098
15171
17927
16886
17498
17782
19854
17475
18160
17044
17379
16054
19252
16760
15905
16721
15389
12620
17726
17267
17461
17545
16867
16256
17765
16781
17954
17546
16994
15800
17543
17836
17789
16633
17695
14992
17933
17992
17905
17639
15569
14794
18142
17751
18534
17599
16515
17162
17892
17263
17831
18045
16560
19656
17329
17763
18158
16240
18745
16502
17275
13579
17780
17616
17793
17134
17681
12710
15410
16217
16624
17660
17834
18047
17256
16879
17303
16816
19479
18155
16917
18198
18403
17287
16622
16082
16329
16557
17989
17643
17495
17393
15999
17650
16415
17930
17684
18207
17493
17958
16117
18045
16931
16474
16372
16125
16406
17092
16701
17492
17361
17249
18054
17290
16849
17215
18600
16619
17753
17181
17637
18466
17003
17605
18395
17593
17741
18670
17300
17411
14219
15914
16122
16426
18815
17922
16119
19543
16671
17532
17927
18415
18237
17069
17908
18324
17936
15845
18266
18405
16737
17496
17619
17166
17753
17889
17404
17284
18093
16186
17122
18547
18002
20091
17376
14463
17925
17047
17811
16234
17119
14642
19866
17747
18455
16024
17469
17524
17508
17476
20439
16234
16903
17767
17921
18371
18137
16889
18226
16163
16309
15283
17691
18079
17194
17077
16844
16751
17158
16530
17966
16446
17203
20105
17664
17894
17202
17402
17726
16960
17645
17691
17426
15799
18044
16838
17289
16634
16054
17426
17759
15774
18271
17665
20039
16131
16998
17140
16697
17373
17132
15482
16512
16402
18731
17599
16557
15599
14077
17132
16629
17620
18021
18421
17154
16137
18351
17866
17504
17144
16601
16481
17305
18129
16718
17350
17958
16509
17932
17676
16733
17454
18385
17818
18053
17975
17422
18452
17252
16133
17555
16421
17732
18192
18023
18038
17409
16229
15486
15811
18025
18127
17754
17287
17241
16116
16312
16478
20386
18228
17453
16078
16704
17269
17215
17369
18079
17349
20208
17281
17055
17548
15753
16181
17765
16687
15959
18062
17394
18272
16495
17521
17716
17369
19987
17723
17867
20188
18129
17342
17091
17848
17865
19394
15713
17213
17319
20298
19086
17266
17129
17992
17759
17492
17163
