75295
73226
74516
73425
72815
77230
72270
75662
74123
74788
73084
73902
76222
74886
72881
73786
73498
72490
71480
76839
76351
73413
74023
75520
73432
73860
72966
73030
74239
78277
74358
72774
74887
75006
73964
73444
72837
74241
73732
72117
75832
76317
74219
72761
74523
74041
73952
74515
74618
76494
70594
73853
72009
75800
74516
74721
74710
74610
73792
74810
73721
75187
72991
75058
71527
75678
72720
75055
75154
72829
72578
74321
72599
73690
73366
74277
73715
73397
72797
74491
78719
73727
73521
72726
73573
73369
75914
74557
75371
73437
74684
73603
71825
74126
73547
72490
71628
74372
73984
76214
76450
73466
75403
73883
74361
71474
72928
74315
72716
73459
73744
76774
73800
75352
75479
76514
75616
74274
73605
76398
75010
73886
79218
72252
70784
75558
72843
74692
73666
73161
72208
74095
73369
72034
75254
73699
74965
74458
73146
74304
73277
72939
75832
73553
73590
75374
75047
74669
75470
74238
74647
73868
69685
72833
80060
74251
72715
72574
73069
75860
76088
73252
71369
74929
75788
75050
75415
73371
74864
75242
73326
74990
78764
74363
73681
74177
75637
73137
71438
73064
74530
74792
74719
76043
76184
73901
72348
74416
75667
80104
73602
75615
74440
69562
72387
72380
73827
74150
75004
76757
76017
68647
70933
73260
76101
71503
75158
72647
74328
73835
72292
73167
74778
73199
69760
75699
74080
73469
73011
74479
75274
74373
75470
72210
72448
71427
72329
71945
76155
72325
75286
75518
75300
72197
73629
71556
73372
73590
75916
70303
73423
74239
71335
73232
74659
73805
80443
73326
72659
74392
74605
75942
72427
80690
75034
74316
75793
75571
74820
75036
74030
75134
73813
71107
74404
71914
73109
71948
74454
72497
76309
75170
76215
74987
74962
74429
73935
72973
75619
79063
72284
72792
70578
74709
74737
74246
75638
73573
74459
75176
73757
75037
72614
73895
75233
75354
71387
70957
76128
76104
73774
74863
72582
75490
74944
74833
73054
76241
71139
74403
72367
76729
74864
71780
74191
72542
70500
74122
74467
72994
73790
75418
74080
68719
75225
74659
74316
71188
72266
73081
75463
75123
73083
71892
72328
75290
73987
74843
70448
73343
72065
74439
76375
73671
74378
73432
75489
68845
75461
73223
75740
73755
74608
73118
76120
73939
74865
75843
73338
72020
75026
76399
75829
75537
73908
70010
78192
74878
73600
74918
73933
74556
74321
74197
73762
74755
75937
75288
74479
73598
73902
76170
72327
74103
70901
75225
71347
74108
74105
73458
71045
70387
73418
69595
73317
75562
70976
74295
72667
72607
76025
74186
75217
74860
74943
69496
74990
73519
73361
74449
72982
72667
73269
75133
72986
72344
71343
74870
70905
73741
74779
72813
73986
72684
71555
72561
75945
76525
73702
72822
74668
75267
72211
73138
74668
72484
74048
73950
73217
75324
73569
75058
76577
76944
74552
72883
74095
72932
73843
74229
74803
74959
74871
74966
72807
74119
73354
74531
72740
68827
76447
74166
72415
73788
69596
73281
75194
73613
72664
74446
74803
72701
73400
79273
75928
70934
72655
75130
72404
75149
75652
75952
74087
74179
70961
72779
75692
