77857
72013
70952
76156
71235
72986
69723
73183
72605
72408
73862
73490
71310
72227
69908
70789
73916
71700
72938
68521
72164
69876
72629
70077
73369
72073
70832
71849
71350
73808
73121
73690
70794
69818
73754
73280
75015
71579
73787
71225
71093
72986
70852
74838
68904
71616
71686
71957
72682
71167
71335
74081
72249
71882
72168
70555
73783
71772
70620
68323
74358
74651
72139
72029
70876
78279
72529
69370
73070
71134
72555
74133
70144
70755
71439
73106
72456
71692
70956
73609
71477
67019
71862
73995
72420
72189
71021
73858
70623
77685
65181
71751
70355
73873
70790
71661
72747
72922
68326
73680
74671
69961
72058
75050
72015
70408
71053
71436
73414
72616
72874
73119
73302
72427
68698
71961
71834
69231
73327
72516
73102
72038
71815
73109
72253
71236
71867
73547
71995
72370
70751
72547
73513
70311
75109
73959
71767
72117
70615
72499
70208
71302
72168
73828
72156
70995
70314
72148
73059
69191
74478
73203
72005
72567
70678
70787
71198
71945
71897
72984
73247
70910
73235
73544
72588
74309
72744
63745
72144
72693
71004
71594
73454
72416
71947
73289
71173
70991
72862
71814
73874
70758
66415
72615
71707
72296
73089
72481
73740
71646
71958
77153
69846
72222
70161
69288
71301
72141
72985
73500
74129
74022
73224
72207
64491
71687
73179
71857
73572
73748
74901
71943
73088
77921
70327
71764
73655
72255
72438
70430
71640
74532
72439
72293
72629
69444
73064
67758
72681
73579
72955
73586
71349
78454
72524
71985
71369
71613
73884
73910
67744
71255
73135
73059
70981
73152
67102
70611
74179
73958
74030
71408
74215
71874
73144
74149
71319
67176
71881
70224
73373
74594
72709
77417
71117
74055
64832
73116
74030
73212
74893
72443
72238
72698
71541
69506
72306
72130
73652
72292
74050
72069
74171
71365
72953
72479
77694
72348
70433
66098
73065
71625
71020
71970
72802
71385
73367
68620
70984
69854
73423
72426
73292
72852
71455
71134
71681
72180
71958
72090
72437
73221
72219
71585
71039
70330
71949
73817
72946
73994
74317
72310
70996
73955
70831
72257
69874
69767
71480
65146
72054
72345
73989
73841
68757
66199
74296
73002
72121
72618
65796
69197
71410
72262
70365
71041
73584
73082
72794
77752
72623
72981
72361
72086
73036
71761
72481
73395
72966
72975
73034
70838
71795
72318
73017
70166
73740
73782
70607
73309
73545
70384
74669
72811
72483
69496
69509
69623
72907
70398
74543
70789
72706
71065
70110
70178
71864
67735
71268
73899
72715
71993
71204
67102
67294
74225
73331
74151
74110
74466
71787
73370
72291
72285
73164
73458
73669
72322
70203
69035
71179
71518
72255
73149
71982
71271
73871
71899
73944
71490
74799
71699
73094
72269
72890
70951
73487
69982
72871
71905
73604
69987
71349
71249
74434
71410
72508
71070
74075
71622
71437
73250
72400
70524
71774
73256
73093
72972
74917
71684
69741
72402
73106
73697
71363
70858
71519
72006
70493
71991
71225
69555
71925
71634
73200
70962
71131
71983
70350
72560
74430
71405
69019
72958
70552
72833
73065
73250
71348
70802
74663
70329
73110
71426
72148
72397
72338
71483
70833
68831
71108
72392
