188931
188028
187223
188998
189979
191429
188812
189531
185947
192691
191259
188850
190082
190982
188756
185388
188511
191140
189611
189560
189592
190724
188523
189868
192613
189758
186320
188703
187854
191408
188638
189955
189514
193254
197117
189179
189525
192057
192267
186425
188623
189027
189430
187004
190613
189824
187685
189528
188842
189358
190126
191858
186974
192113
189414
187693
189877
189201
183666
189229
190584
189488
188046
190652
190063
192273
188867
184580
188025
188622
191903
190538
185524
186692
192361
198794
189698
190869
187284
189526
188502
192982
190521
188178
190857
184892
192383
188512
188032
190694
188133
191943
187631
190897
188797
192595
188309
192097
190839
187847
187232
188317
189800
189093
192402
189763
189021
187811
182686
188714
184248
189707
188224
188260
189487
191374
191416
188890
187280
191447
191051
188587
186897
191795
189913
191059
184208
186864
193951
189194
186904
189714
189506
187199
183150
189350
190135
187656
188938
186579
185653
192533
189017
191322
188637
186117
188777
191368
189042
189177
190444
191518
189280
187428
187881
193179
189324
186587
190807
185790
189805
188962
191997
191769
190775
189224
189547
186685
185217
186050
186762
186069
187727
189613
189731
192729
190200
187812
189739
191305
187926
189750
190491
189297
190092
187940
186564
192059
194574
192384
191145
190537
189757
186479
188186
190093
186213
188557
190856
189431
187854
185554
194081
192482
192368
188248
189071
185025
198183
188884
189268
184399
192350
185175
190535
192512
187393
188269
189394
189508
191055
189312
186694
189928
186725
186525
191764
187901
190716
191178
186803
187790
191811
186642
191139
184791
190343
187799
188693
189996
190244
186248
189359
192066
188949
187652
189656
187606
191466
193196
192547
191583
187576
191916
187171
191308
188042
188834
188886
187832
187449
191022
187249
185970
191076
191476
190240
191240
188836
188588
190123
184334
190953
190669
191285
190248
186907
189655
189250
187700
191062
187376
190240
192090
189829
189760
190572
190372
185120
191342
184780
192268
188304
188531
190807
191291
186676
191833
188679
191128
188160
190972
186985
185684
189101
189225
190267
192758
190283
190948
189439
192636
191012
188198
189667
185942
185072
190674
189390
186822
188270
188875
192047
187999
191898
189099
189944
188343
188530
191460
188668
187220
191269
191067
189227
189519
189427
198990
190150
189154
190172
189788
191603
189447
192128
190853
187146
190525
189221
188795
189911
187158
187443
184790
187050
187851
189988
190135
192408
192266
189104
188470
188220
188504
185925
186069
188038
189471
192168
186427
189094
190353
184329
185619
174722
189403
191070
188707
191320
191776
189785
191425
188132
191252
192224
191739
192667
188514
189001
190123
189892
188973
177982
192316
191130
188647
188065
189143
193580
191594
187226
188435
187414
190144
190563
191746
185431
187288
192448
188540
180153
187332
185681
187248
187180
188918
190008
189294
192372
192422
190902
187617
190349
189859
191184
189364
192285
188812
186664
191511
190848
190976
188189
191508
192624
185593
188035
190571
191822
190040
187613
185221
189585
188399
191815
189459
192336
189039
187936
192052
191508
189743
186294
189423
190363
189055
187502
191385
184718
187203
192402
191927
188705
193475
188321
190035
191787
