310602
311957
310066
313523
314276
313779
316508
307946
311584
312871
314587
309977
310101
313522
311290
308619
310452
315279
310523
309997
315559
308867
309298
312322
319478
310542
313400
313515
308707
312319
313499
310341
313554
309551
309517
315524
309877
311194
310175
309823
310269
313149
312909
306245
312267
306596
312737
313418
310782
313255
309938
309304
313873
316758
308862
310357
312289
313435
313292
315319
315591
308078
312256
310581
314518
309674
314138
309862
311162
311208
309977
309843
308484
312695
306756
309495
309781
313316
312707
308463
305475
306420
306849
313050
312941
316286
313156
311229
312978
313188
309502
312367
316773
312397
310270
313943
309878
309643
311644
313328
305570
308914
312509
311331
308718
300443
309029
302012
310941
314355
313673
307622
316367
305877
306450
313546
312018
308959
322157
312902
315075
310233
315014
312147
312180
312839
310911
311897
313464
314799
308521
314480
313687
307869
314431
309005
308504
311469
312284
308615
312683
311705
308584
311932
313779
312725
312074
317304
302518
314529
311291
314338
313280
310220
307960
306892
313807
313381
314307
314043
313059
313084
313019
313921
313986
310097
313692
310421
313318
310689
312586
307599
308478
309991
313314
309603
317207
308798
310374
306122
313252
312512
307798
312949
311625
308520
306265
313724
312001
307760
308544
308694
312125
313488
316031
312389
310282
309752
309426
312742
313774
312491
311450
309097
317282
310218
307705
308442
325149
311103
306784
312422
303284
314377
315244
312247
313611
310061
308727
309013
315614
311268
308820
311508
315440
311374
305570
316001
311187
309433
308895
312848
314962
312080
321961
312911
310547
308905
315542
312132
310744
312441
317166
308692
315711
312586
312734
308153
308701
308934
303449
311511
314886
309613
310471
322430
314040
307983
311514
307328
312359
311455
306603
313730
309019
312711
312339
314355
314632
313468
311109
311363
312502
315672
313046
306911
312320
308057
311364
309650
303416
312892
306299
310142
310574
315489
314215
309040
311411
310361
312511
310059
311757
310220
310466
312874
306937
310344
308913
307629
313979
305472
309684
315173
311017
314860
310869
310332
312046
308625
310319
312799
315623
312393
311597
309858
311449
312157
311173
313136
311458
312037
305427
315372
314029
309695
309824
308983
308829
312746
314182
314037
307244
312156
309493
310930
313407
314670
308559
314114
315821
315683
310377
311834
312095
308614
308271
311359
312217
309944
311611
311471
310229
325290
312968
314301
308668
312444
312276
309951
313300
311721
312868
314538
310323
315811
315266
312473
311664
309368
314803
311784
313324
308381
313718
309756
308267
311053
305498
313605
310455
310828
312555
309751
310929
312914
312360
310005
312916
312824
312304
314409
310944
308543
313193
311605
314345
311757
313149
312438
305706
312805
312063
311270
308923
314323
307687
315393
311737
312089
310917
314387
311462
313068
309599
309101
315115
309391
310125
312008
308744
309759
312801
311886
310872
313098
308449
307985
302216
311402
306325
312707
307796
314842
310472
304735
312287
310946
309801
313742
312965
308600
311642
309254
310834
310890
311898
315450
311256
308485
311237
312021
311494
307211
308478
312523
312414
311691
308569
315081
311860
308378
311934
311231
313775
314839
313602
312279
311251
310449
310935
314194
313772
314350
311593
313989
315740
307236
312468
311758
314336
311094
312946
307871
315524
312307
312849
312543
310529
309969
