428718
432170
431326
431169
429276
423944
428849
427914
430190
428643
431414
424116
428957
427149
430449
434126
432742
421992
432661
431429
430879
427271
430969
421418
430244
426680
427768
428379
427888
430174
433817
433966
430829
423153
427589
431460
428997
433341
433390
430081
433561
429357
430695
430942
433202
430924
426842
434503
427084
431182
431401
427783
431922
432229
428234
422236
427872
425340
431084
429094
430735
431611
430705
434466
431296
431371
429587
434495
426903
420402
428616
431792
431216
431401
432108
433446
431139
428528
432081
429112
430998
431169
429890
431621
432320
426840
429377
433416
425641
430279
427786
432130
428647
429874
429730
430287
432319
429701
427506
427540
432123
431434
430346
432704
430687
425458
426485
429217
431315
433869
432524
435171
432121
433653
430607
432052
431189
432245
432534
431422
430608
430353
425946
425443
428769
423811
432502
432504
428629
431452
433324
428455
430144
431075
427755
432005
428285
429634
422845
425608
431714
427504
424226
432017
431840
433745
436458
415703
427785
429929
430182
431103
428322
436575
428933
432565
430128
428178
431067
429929
430743
430007
442663
427990
431169
427879
427013
432892
430464
429937
434541
424316
429949
433926
431483
431474
441921
430717
431526
427150
423144
430554
432329
433413
430323
430585
434077
434630
434014
428772
431028
433285
431171
428708
430367
432452
431232
431016
431813
427666
430126
426872
429907
433598
428731
442864
426567
431741
428494
429133
431327
428755
422704
428763
428197
430727
430772
426223
427911
429639
428161
431888
430562
429045
428029
426911
428886
430062
433177
421436
425399
431940
434643
430903
431167
434885
431541
428950
429208
431650
430622
429724
429513
428559
432089
428476
433836
425919
426354
430437
431559
430761
427218
423833
434565
429546
430349
427834
430115
430076
431719
432404
429074
429433
436779
431271
434666
424984
430450
428715
429505
430485
429574
425849
429178
431382
421679
432444
429235
435068
437581
431289
416955
431910
424286
429090
429539
431232
429622
429640
428092
429540
431313
423276
426582
430919
424615
431325
427116
430008
432691
426642
433859
429346
433567
425901
432775
427824
430982
443301
428871
431441
428351
424459
425957
433920
430262
433463
431009
430064
432350
433825
429465
429852
428221
433180
430907
432751
434645
432553
429275
429748
428793
430128
430549
431157
415031
429223
430459
441858
425684
427001
432757
426605
433901
430190
431833
430053
427487
429642
426849
427226
429122
428554
428123
427892
427415
427633
428405
427904
423779
432347
425470
425692
415947
425689
431439
427027
431236
429095
430863
435346
433743
427827
429872
431190
433091
431393
429291
433601
430631
433024
430962
428483
426879
432728
417258
434259
431939
430138
424371
434679
423524
434483
431255
428321
428360
430243
431569
420693
433335
427459
430433
430352
433592
439999
423183
430263
424543
431799
430148
432041
432849
423478
431444
426887
429211
432961
423609
428237
435029
429164
429541
435443
430526
432525
428295
433219
427248
427299
441035
425148
428388
430979
427470
434070
426083
432640
427630
428706
429287
426295
435223
429404
434026
431625
427560
432473
430117
431588
427681
431793
435509
429044
432201
424187
440734
432235
430402
446513
427875
424267
431129
432196
425520
431124
429359
428030
428880
428929
431594
431170
430994
428887
424029
432053
431980
429950
429743
429439
430792
432545
428599
423063
429069
429698
436453
430686
432968
430429
427149
425865
428706
430234
431655
429635
443864
429029
428675
427615
435108
433802
429948
428633
425086
430777
427142
428714
435864
432158
429896
435235
431114
432205
424334
432282
434341
423179
425820
428733
429039
430599
420752
428413
