540708
541893
534347
538547
545695
542769
531249
544625
537606
543645
542064
543954
545849
544315
541922
543368
541415
540820
553375
540388
542808
544196
544803
545228
540121
544904
537577
544559
540966
546120
545680
545254
543245
534348
538095
545067
542631
538053
542674
546601
540021
540878
543153
544222
535583
538197
540159
548895
545964
544827
541063
542375
538241
542518
543417
544792
540532
541605
537098
546317
543678
542062
539665
543826
545171
545342
546392
543518
547071
538242
547472
546308
539756
538867
542451
536208
537736
537330
542358
538845
539932
541714
544381
544676
544131
533601
544575
534624
541799
537816
535471
543707
532637
541869
548070
541851
542984
536809
545955
545367
540359
539127
535017
544138
549584
538466
543332
546647
539493
542791
541920
543426
545605
545381
544375
541954
543684
541052
547438
541959
543669
537779
548791
543088
556128
545220
535705
539995
538078
560572
541836
545665
544371
538859
543454
544692
539542
539693
544603
540244
544546
541399
545216
544817
539291
541368
543260
544905
543022
538876
543718
544648
546197
545358
546993
540870
544190
545389
536695
534108
540635
538867
541660
534205
546848
545815
542611
535241
543849
541716
541455
537143
540418
543309
546720
546914
537670
542087
535269
537985
545000
543411
543393
548107
541887
545162
540794
540391
547748
545468
535878
543067
539090
543796
537100
544396
544930
538640
542150
543696
534639
547069
546498
540417
545987
538397
544122
540836
544583
539326
545001
541531
537259
541264
541304
539979
548148
543062
542388
541181
542033
540405
557299
545936
545524
544138
547361
543821
543557
539946
546451
540186
533532
544071
542315
542321
544255
542947
544268
548230
541322
543778
540854
545021
556510
548783
544792
545949
543440
536627
539227
542918
536845
545147
538397
548426
534494
538408
535699
542703
540007
547695
542956
537875
543750
555305
544793
539518
545251
543360
546570
539132
543335
540015
540529
544547
545509
541963
541656
544568
540376
544892
540629
538282
543601
542291
539608
529218
541598
538696
541158
544933
545669
540327
543008
547457
544077
537675
543752
541537
542311
538842
542647
541736
544497
541740
538174
554522
539409
542566
537661
541666
544170
543537
536945
545859
539466
539638
539365
545391
536127
536341
547298
540888
549399
534644
541492
541451
546185
535276
535989
544876
545629
539031
541928
546240
538426
541621
546902
543754
542733
538232
543658
539356
534737
542211
540660
547406
542632
536271
539182
548648
539021
543308
557900
541867
543215
542240
542164
558193
539118
541467
546219
541184
546223
544252
542305
539385
542818
542045
541979
542289
548476
538112
544812
539377
538083
546551
538637
539834
542902
543369
541378
546905
541780
544460
531570
544140
536868
539913
538396
542501
542428
546033
541712
538664
541583
540541
540381
543891
537063
542345
542874
545707
545407
543641
540357
543907
545104
543577
540168
541340
541905
542153
543239
544831
541885
540435
542958
545122
540157
543315
545721
544757
538555
539384
547454
543040
535211
540271
539379
536618
546421
547368
542101
545961
540664
541865
543260
547553
540917
541876
538493
540976
547504
545611
542942
545970
540730
541969
542656
539554
538682
547627
539646
542879
541273
541186
529691
541888
540880
540113
546164
541011
540643
543468
539900
546579
