14799
14446
14492
14774
13674
14498
14836
14480
13830
13490
14470
14772
13957
14694
13189
15268
13605
14612
14399
13977
14561
15542
14444
13962
13550
14029
15094
14772
13791
15168
13047
13803
14973
13684
14913
14493
14325
15136
14971
12801
14932
14852
14732
13694
13625
14077
14099
15113
15169
14365
14737
14558
14828
11467
12161
13626
13566
14836
14915
12452
13879
14202
14720
13861
13637
13922
14815
14323
13457
14175
14989
14245
15032
15042
13650
15228
13814
14189
13637
15199
14337
14860
14325
13513
12922
15416
14369
13767
14627
13114
13593
13917
13984
14508
13765
13553
14409
12695
14201
14378
14664
12990
14269
14421
14162
13485
14535
14163
13950
15108
14107
14824
14142
12665
14440
14595
13658
15135
14149
14352
14105
14598
14227
14512
14562
14326
14536
13842
12386
14617
14529
14439
14303
14731
14239
12823
13633
9143
14356
14380
13752
14405
15334
13399
14828
13756
15246
14972
14400
14278
15428
14521
14604
13816
14270
14436
14604
9471
14706
14653
14625
14844
14911
15174
13380
14337
14645
14052
14227
14535
14231
13935
13722
15175
13070
14577
13229
13684
14241
13710
14928
14737
15186
13922
14046
14005
14472
13832
13926
14464
14582
14470
13991
15009
14399
14621
14887
13833
13623
12568
9188
14246
15481
14123
15131
13066
15056
14316
14433
13893
14633
14374
13688
15715
15048
15220
15058
15315
13750
14617
14947
13996
14023
14662
13058
14796
14027
15414
12129
12841
14637
12870
14179
14331
11629
13697
15099
14289
14434
14307
14361
14310
12910
14143
14591
14244
13394
14647
15237
13065
14361
13819
13069
14306
14510
13688
14721
14513
15177
14765
14836
14881
14335
15139
12955
14756
12696
13609
12818
14455
14677
12195
14820
15103
13674
14480
14351
13151
14816
14470
14416
14459
14332
13546
14158
13640
15112
13035
15197
14502
15054
14532
13647
13658
13699
14121
12847
14613
14668
14637
14218
14307
11355
12576
14783
13613
12953
12719
13809
13569
12813
15146
14125
14892
13958
14285
14099
14543
14185
14821
14841
15103
14592
14279
14171
15331
14955
14318
14129
14782
15154
13583
12891
13351
13804
12498
14685
13297
15107
13826
12571
15560
11923
13147
12947
14052
13637
13576
14104
15204
14175
13374
13410
14944
13086
14181
14499
14109
15175
13799
13330
13729
14807
15075
14693
13078
14992
13770
13688
13645
14474
14747
14691
14662
13854
13613
14883
14953
14393
14897
14658
15067
13420
13583
13386
13757
14026
13606
13827
14426
15333
13790
14246
14074
14788
13744
14063
14879
14991
15077
13294
13930
14616
15136
14695
15038
14186
14941
14697
15089
15117
14294
14407
13296
13203
15502
13972
14832
13718
14288
15136
14601
10492
13886
14084
13692
12666
14812
14460
14879
13811
13825
15496
14122
13286
14196
13398
13933
11875
14512
14322
14453
13673
13480
15389
14406
14219
14328
13884
13873
14203
13423
13420
14478
13520
14924
11912
15000
15129
14462
14643
13717
14789
13700
13515
14606
13788
13983
14750
14368
14115
15170
14478
14649
14390
14561
14141
13736
14228
14769
12478
13616
14394
14771
14147
13653
13978
13970
14688
14010
15855
13996
13965
15232
14019
12889
13611
12651
13458
14546
13480
14871
13686
13752
12467
13898
14764
14551
13083
15034
14807
13528
14471
12074
14812
14101
