16846
17470
18795
17851
17764
16913
17329
17269
18254
16852
16807
18292
18056
16913
17528
17648
14033
18240
18740
17560
18018
17964
16848
17164
17786
16994
16783
17770
17925
17673
17790
18522
16565
18299
16048
16739
18042
17542
17609
17416
16256
17870
18491
17792
17305
17417
17449
17755
18116
17929
17285
16775
17673
14798
15277
17390
17474
17444
17722
17335
17006
17719
17809
15886
16446
17517
16728
17607
17155
16081
16743
17648
17655
17661
14248
17963
17585
17410
16922
17955
18436
17845
17527
16640
17623
18000
15964
17501
17419
17908
17717
18277
17601
17943
18374
17814
17572
13816
14701
17934
17518
16239
17333
17367
17228
18707
17025
18322
18533
17749
17121
16917
17987
18138
17191
17106
17100
17839
17532
17476
17689
17457
18018
18125
17250
17780
17134
17289
18556
17925
18085
16892
17073
16190
15993
17060
17535
17176
18556
18141
17806
17044
17703
14323
17786
17624
17154
18117
16580
17818
18042
18044
16919
16489
16734
17525
15137
18435
16911
17081
18825
15564
17732
16971
17485
16925
17144
16689
17472
17867
18168
17884
15261
17524
15204
17315
17518
17461
17900
17898
16861
18459
17148
17877
17966
17890
17444
18187
17507
17735
17125
17409
17430
17154
16418
16232
18363
18426
17665
15891
17867
14811
18811
14735
17573
15566
17301
18368
17338
17576
18017
16765
17765
18719
16112
17034
17672
17996
16307
18100
17297
17289
16273
16252
18499
17005
17955
17533
17338
17370
17105
17482
17421
17294
18065
14925
15521
17924
17500
17238
11392
16396
17022
18264
16471
17452
17467
16433
17308
17310
15327
18222
15959
16981
18157
18014
17315
15107
17291
15372
16792
17329
16426
18104
18209
17130
16849
15677
15866
16741
16200
17708
17267
17820
12502
18048
17763
17119
17587
15916
18249
17012
18153
18043
17627
16892
17390
15666
16943
16524
17067
17914
15742
16893
18053
16988
17642
17461
17657
18330
16905
16949
17017
18191
17645
16173
18008
18731
17831
17424
18138
18411
17428
16018
17629
17166
18251
15629
17689
16715
16560
16408
15538
17723
18157
17466
17147
17592
17724
18966
18031
15939
17025
17027
18225
17289
15817
17697
17002
17086
16074
18756
17294
16637
17364
18448
17538
16451
18049
18949
17929
17445
16492
17710
17088
18134
14527
17811
17253
17197
18437
15299
16359
16965
17302
17906
15235
16962
15649
17232
17684
13865
17137
17410
17888
16540
16631
17622
18275
18028
18307
16163
17989
17606
17683
16985
17460
17421
18439
16357
15175
17638
17753
17071
17982
16804
17714
17340
17323
17329
17923
17992
16453
16942
15381
16557
18203
17785
18431
17337
15588
18703
15217
17003
16445
15388
17827
17956
18161
18318
17143
16822
17884
17260
17123
16895
17357
17440
17540
16302
16639
17670
17652
18032
18404
17261
17431
17102
18851
18130
16440
17470
18626
17140
17066
16671
17603
17326
18108
18249
16751
17732
17479
17273
17819
16498
18012
17805
14931
18075
17246
16255
17738
14575
15073
16175
17693
18118
17210
17467
16054
17490
17646
