19160
19497
20022
18751
19118
19675
19009
19252
18769
20450
18436
18555
19560
18730
20067
18629
18875
19176
20364
19234
19432
19656
19351
19435
18243
18919
19348
19650
18099
19995
18452
19067
20104
17347
18401
17913
18429
15758
17470
20060
19014
17665
18896
19513
20131
19738
18131
19406
18876
19856
19887
18282
20104
19890
17547
18372
18813
18321
19533
17308
18580
19906
19551
19216
19383
18108
19172
18469
19596
18925
16633
17743
19285
17896
17280
15434
18668
19399
19233
19455
19184
19884
18360
18206
19558
19897
19292
19310
19069
17691
19375
19283
20269
19436
19857
18550
18186
18299
18416
19386
19054
19387
20298
19427
18484
18881
18591
18350
19031
19736
18304
18382
18682
19533
19575
19929
19506
19801
18721
19063
19272
16610
17760
19187
17246
18713
19079
19488
18550
18947
20554
19607
19862
19649
19754
19810
18551
17316
18676
18936
18214
19003
19482
19668
15952
19589
18948
18620
18573
18163
19380
20387
20338
19219
19330
19250
19337
18067
19097
19882
17208
16788
19384
18744
18527
17089
19377
19023
19609
18153
17453
18663
19581
16632
18409
20003
17906
19394
20655
20258
18389
18018
18290
19439
18659
17416
19246
17818
16724
18771
18590
19020
19585
18507
20089
19252
19346
20176
19472
18449
18669
17447
17426
18193
19495
19617
20675
18712
20048
18997
18742
19078
18124
17689
18637
18850
18950
19577
19427
18990
19202
18122
19155
18952
18591
19222
19901
17122
19464
18058
19729
17774
17946
20164
19433
19365
19886
19312
19807
17987
19527
19129
17913
19938
18802
19186
13638
19554
18820
19488
19115
18735
20621
20815
15685
19080
20034
19244
18666
18764
18015
19971
19471
19011
19670
18705
19433
19054
19637
18763
19734
19091
16360
18999
19284
18457
18894
20326
19311
18927
18340
18519
19508
18546
18671
19677
18043
18613
18412
17135
19547
18822
18722
17704
19666
19294
18471
18892
18246
19665
19108
19047
19367
18291
18782
17835
17964
20024
18386
18472
20314
18339
16092
18214
16842
19715
19410
17764
19510
20067
18435
20377
20089
17366
17945
18603
19180
19527
18202
18848
18927
18982
18927
18930
18564
19148
18931
18949
19170
17801
18740
19656
20136
20273
18949
16439
18856
19466
18930
19396
18678
19349
18619
17882
18483
19106
18817
19064
16862
19012
19030
19143
19480
17940
14916
20132
17112
19500
17995
19910
19831
17514
19101
19557
19004
19152
19438
19308
17490
19995
19639
18399
18730
18804
19505
20282
17800
19655
18661
19485
19108
19521
17962
19248
19128
18021
18578
19881
15491
19210
19003
19695
18436
18809
19371
18786
19747
18876
18005
18918
17173
19367
19446
19646
17438
19175
16813
17416
18684
19103
19555
19007
16440
19519
20196
18818
18446
19653
19870
19363
18302
17505
20103
19648
19096
18754
19984
18404
19116
18566
19076
17187
18830
19048
18928
18428
18206
19107
18892
19457
19059
19030
19148
