18337
18132
18745
18347
19082
17575
18727
17596
17384
18157
18941
18150
17567
18549
18148
18548
18152
18954
17593
18150
17606
18559
17776
17402
17566
17619
18931
18504
17798
17367
18936
17553
19146
17421
18958
18311
17791
17756
17786
18337
18177
17594
17599
17392
17559
18919
17977
17791
17600
18324
18343
18545
18729
18537
18679
17974
17407
17389
18539
17405
17605
17578
19086
17761
17973
18365
17605
18740
18752
17770
18738
17991
19120
17938
19107
17579
17940
17978
18898
17556
18543
17602
19100
18730
19130
18929
17989
18941
17951
18713
19107
19110
17988
17571
17583
17956
18915
17571
17962
18929
17408
17435
17599
17388
18921
17971
17434
17797
17586
19105
17772
17587
17585
18945
18330
18349
17611
18153
17574
17582
17793
17973
17794
18511
19130
17783
18715
19114
18332
18384
18538
18721
17582
19104
18524
19122
17956
19081
18547
17986
18934
18927
18747
17405
18363
17784
18730
18531
17953
17579
18558
18144
17940
17581
18321
18320
17757
18520
17760
18366
19075
17396
17590
18138
19119
17946
18909
17760
17753
18738
18921
17554
18165
17545
19116
18159
19132
18916
17770
17784
17578
17720
19106
19137
19113
17402
18565
18731
18731
17594
18734
18543
18918
18905
18917
